2023-01-06 11:08:25,976 | Using selector: EpollSelector
2023-01-06 11:08:25,996 | PyNaCl is not installed, voice will NOT be supported
2023-01-06 11:08:26,020 | logging in using static token
2023-01-06 11:08:26,242 | GET https://discord.com/api/v7/users/@me with None has returned 200
2023-01-06 11:08:26,242 | GET https://discord.com/api/v7/users/@me has received {'id': '959437090070880286', 'username': 'mentorbot_test', 'avatar': None, 'avatar_decoration': None, 'discriminator': '5635', 'public_flags': 0, 'flags': 0, 'bot': True, 'banner': None, 'banner_color': None, 'accent_color': None, 'bio': '', 'locale': 'en-US', 'mfa_enabled': True, 'premium_type': 0, 'email': None, 'verified': True}
2023-01-06 11:08:26,262 | GET https://discord.com/api/v7/gateway with None has returned 200
2023-01-06 11:08:26,262 | GET https://discord.com/api/v7/gateway has received {'url': 'wss://gateway.discord.gg'}
2023-01-06 11:08:26,381 | Created websocket connected to wss://gateway.discord.gg?encoding=json&v=6&compress=zlib-stream
2023-01-06 11:08:26,381 | Dispatching event socket_raw_receive
2023-01-06 11:08:26,381 | For Shard ID None: WebSocket Event: {'t': None, 's': None, 'op': 10, 'd': {'heartbeat_interval': 41250, '_trace': ['["gateway-prd-us-east1-d-m7z8",{"micros":0.0}]']}}
2023-01-06 11:08:26,381 | Dispatching event socket_response
2023-01-06 11:08:26,382 | Dispatching event socket_raw_send
2023-01-06 11:08:26,382 | Dispatching event socket_raw_send
2023-01-06 11:08:26,382 | Shard ID None has sent the IDENTIFY payload.
2023-01-06 11:08:26,473 | Dispatching event socket_raw_receive
2023-01-06 11:08:26,473 | For Shard ID None: WebSocket Event: {'t': None, 's': None, 'op': 11, 'd': None}
2023-01-06 11:08:26,473 | Dispatching event socket_response
2023-01-06 11:08:26,579 | Dispatching event socket_raw_receive
2023-01-06 11:08:26,579 | For Shard ID None: WebSocket Event: {'t': 'READY', 's': 1, 'op': 0, 'd': {'v': 6, 'user_settings': {}, 'user': {'verified': True, 'username': 'mentorbot_test', 'mfa_enabled': True, 'id': '959437090070880286', 'flags': 0, 'email': None, 'discriminator': '5635', 'bot': True, 'avatar': None}, 'session_type': 'normal', 'session_id': '47075dd255eb62af1cddabc07203c56c', 'resume_gateway_url': 'wss://gateway-us-east1-d.discord.gg', 'relationships': [], 'private_channels': [], 'presences': [], 'guilds': [{'unavailable': True, 'id': '959453622796714078'}], 'guild_join_requests': [], 'geo_ordered_rtc_regions': ['rotterdam', 'frankfurt', 'milan', 'madrid', 'stockholm'], 'application': {'id': '959437090070880286', 'flags': 565248}, '_trace': ['["gateway-prd-us-east1-d-m7z8",{"micros":102969,"calls":["id_created",{"micros":1353,"calls":[]},"session_lookup_time",{"micros":299,"calls":[]},"session_lookup_finished",{"micros":13,"calls":[]},"discord-sessions-blue-prd-2-18",{"micros":100913,"calls":["start_session",{"micros":52989,"calls":["discord-api-7b7cbc989f-5d4sl",{"micros":46805,"calls":["get_user",{"micros":12247},"get_guilds",{"micros":4250},"send_scheduled_deletion_message",{"micros":14},"guild_join_requests",{"micros":2},"authorized_ip_coro",{"micros":20}]}]},"starting_guild_connect",{"micros":62,"calls":[]},"presence_started",{"micros":4080,"calls":[]},"guilds_started",{"micros":82,"calls":[]},"guilds_connect",{"micros":1,"calls":[]},"presence_connect",{"micros":43647,"calls":[]},"connect_finished",{"micros":43652,"calls":[]},"build_ready",{"micros":19,"calls":[]},"optimize_ready",{"micros":1,"calls":[]},"split_ready",{"micros":27,"calls":[]},"clean_ready",{"micros":0,"calls":[]}]}]}]']}}
2023-01-06 11:08:26,579 | Dispatching event socket_response
2023-01-06 11:08:26,580 | Shard ID None has connected to Gateway: ["gateway-prd-us-east1-d-m7z8",{"micros":102969,"calls":["id_created",{"micros":1353,"calls":[]},"session_lookup_time",{"micros":299,"calls":[]},"session_lookup_finished",{"micros":13,"calls":[]},"discord-sessions-blue-prd-2-18",{"micros":100913,"calls":["start_session",{"micros":52989,"calls":["discord-api-7b7cbc989f-5d4sl",{"micros":46805,"calls":["get_user",{"micros":12247},"get_guilds",{"micros":4250},"send_scheduled_deletion_message",{"micros":14},"guild_join_requests",{"micros":2},"authorized_ip_coro",{"micros":20}]}]},"starting_guild_connect",{"micros":62,"calls":[]},"presence_started",{"micros":4080,"calls":[]},"guilds_started",{"micros":82,"calls":[]},"guilds_connect",{"micros":1,"calls":[]},"presence_connect",{"micros":43647,"calls":[]},"connect_finished",{"micros":43652,"calls":[]},"build_ready",{"micros":19,"calls":[]},"optimize_ready",{"micros":1,"calls":[]},"split_ready",{"micros":27,"calls":[]},"clean_ready",{"micros":0,"calls":[]}]}]}] (Session ID: 47075dd255eb62af1cddabc07203c56c).
2023-01-06 11:08:26,599 | Dispatching event connect
2023-01-06 11:08:26,600 | Dispatching event socket_raw_receive
2023-01-06 11:08:26,600 | For Shard ID None: WebSocket Event: {'t': 'GUILD_CREATE', 's': 2, 'op': 0, 'd': {'icon': None, 'rules_channel_id': None, 'discovery_splash': None, 'nsfw_level': 0, 'stickers': [], 'afk_channel_id': None, 'max_video_channel_users': 25, 'member_count': 7, 'description': None, 'banner': None, 'max_members': 500000, 'afk_timeout': 300, 'owner_id': '817542888560263179', 'public_updates_channel_id': None, 'embedded_activities': [], 'id': '959453622796714078', 'application_command_counts': {'1': 56}, 'nsfw': False, 'members': [{'user': {'username': 'Godness', 'public_flags': 0, 'id': '209833354751770634', 'discriminator': '8742', 'bot': False, 'avatar_decoration': None, 'avatar': None}, 'roles': ['960139426737061910'], 'premium_since': None, 'pending': False, 'nick': 'GodnesS', 'mute': False, 'joined_at': '2022-04-02T08:02:37.336000+00:00', 'flags': 0, 'deaf': False, 'communication_disabled_until': None, 'avatar': None}, {'user': {'username': 'sonoflilit', 'public_flags': 0, 'id': '456129972893908992', 'discriminator': '1063', 'bot': False, 'avatar_decoration': None, 'avatar': '050024a64e8ae0bdf96a34ec6d26e1bc'}, 'roles': [], 'premium_since': None, 'pending': False, 'nick': None, 'mute': False, 'joined_at': '2022-04-02T06:50:20.014000+00:00', 'flags': 0, 'deaf': False, 'communication_disabled_until': None, 'avatar': None}, {'user': {'username': 'random.bot', 'public_flags': 65536, 'id': '606402391314530319', 'discriminator': '9206', 'bot': True, 'avatar_decoration': None, 'avatar': '4aac35e705d44713541d39edc070ab3b'}, 'roles': [], 'premium_since': None, 'pending': False, 'nick': None, 'mute': False, 'joined_at': '2022-04-18T19:15:34.648000+00:00', 'flags': 0, 'deaf': False, 'communication_disabled_until': None, 'avatar': None}, {'user': {'username': 'shirganot', 'public_flags': 0, 'id': '688656842565615631', 'discriminator': '2744', 'bot': False, 'avatar_decoration': None, 'avatar': '8f947c9186f292a1a820a7455884323c'}, 'roles': [], 'premium_since': None, 'pending': False, 'nick': None, 'mute': False, 'joined_at': '2022-04-02T12:08:42.883000+00:00', 'flags': 0, 'deaf': False, 'communication_disabled_until': None, 'avatar': None}, {'user': {'username': 'erantr', 'public_flags': 0, 'id': '817542888560263179', 'discriminator': '7332', 'bot': False, 'avatar_decoration': None, 'avatar': None}, 'roles': ['960139426737061910'], 'premium_since': None, 'pending': False, 'nick': None, 'mute': False, 'joined_at': '2022-04-01T14:06:09.508000+00:00', 'flags': 0, 'deaf': False, 'communication_disabled_until': None, 'avatar': None}, {'user': {'username': 'xionams', 'public_flags': 0, 'id': '928690468399755326', 'discriminator': '0517', 'bot': False, 'avatar_decoration': None, 'avatar': 'e2975a18d1954827ebb07f8eebad519a'}, 'roles': [], 'premium_since': None, 'pending': False, 'nick': None, 'mute': False, 'joined_at': '2022-07-31T14:15:36.600000+00:00', 'flags': 0, 'deaf': False, 'communication_disabled_until': None, 'avatar': None}, {'user': {'username': 'mentorbot_test', 'public_flags': 0, 'id': '959437090070880286', 'discriminator': '5635', 'bot': True, 'avatar_decoration': None, 'avatar': None}, 'roles': ['959455762466345022', '960139426737061910'], 'premium_since': None, 'pending': False, 'nick': None, 'mute': False, 'joined_at': '2022-04-01T14:14:39.687000+00:00', 'flags': 0, 'deaf': False, 'communication_disabled_until': None, 'avatar': None}], 'stage_instances': [], 'system_channel_flags': 0, 'region': 'deprecated', 'lazy': True, 'channels': [{'version': 0, 'type': 4, 'position': 0, 'permission_overwrites': [], 'name': 'Information', 'id': '959453622796714079', 'flags': 0}, {'version': 0, 'type': 0, 'topic': None, 'rate_limit_per_user': 0, 'position': 1, 'permission_overwrites': [], 'parent_id': '959453622796714079', 'name': 'welcome-and-rules', 'last_message_id': '1018481199452262562', 'id': '959453622796714080', 'flags': 0}, {'version': 0, 'type': 0, 'topic': None, 'rate_limit_per_user': 0, 'position': 2, 'permission_overwrites': [], 'parent_id': '959453622796714079', 'name': 'announcements', 'last_message_id': None, 'id': '959453622796714081', 'flags': 0}, {'version': 0, 'type': 0, 'topic': None, 'rate_limit_per_user': 0, 'position': 3, 'permission_overwrites': [], 'parent_id': '959453622796714079', 'name': 'resources', 'last_message_id': None, 'id': '959453623274856528', 'flags': 0}, {'version': 0, 'type': 4, 'position': 4, 'permission_overwrites': [], 'name': 'Text Channels', 'id': '959453623274856529', 'flags': 0}, {'version': 0, 'type': 0, 'topic': None, 'rate_limit_per_user': 0, 'position': 5, 'permission_overwrites': [], 'parent_id': '959453623274856529', 'name': 'general', 'last_message_id': '1018933209754521670', 'id': '959453623274856530', 'flags': 0}, {'version': 0, 'type': 0, 'topic': None, 'rate_limit_per_user': 0, 'position': 6, 'permission_overwrites': [], 'parent_id': '959453623274856529', 'name': 'meeting-plans', 'last_message_id': None, 'id': '959453623274856531', 'flags': 0}, {'version': 0, 'type': 0, 'topic': None, 'rate_limit_per_user': 0, 'position': 7, 'permission_overwrites': [], 'parent_id': '959453623274856529', 'name': 'off-topic', 'last_message_id': None, 'id': '959453623274856532', 'flags': 0}, {'version': 0, 'type': 4, 'position': 8, 'permission_overwrites': [], 'name': 'Voice Channels', 'id': '959453623274856533', 'flags': 0}, {'version': 0, 'user_limit': 0, 'type': 2, 'rtc_region': None, 'rate_limit_per_user': 0, 'position': 9, 'permission_overwrites': [], 'parent_id': '959453623274856533', 'name': 'Lounge', 'last_message_id': None, 'id': '959453623274856534', 'flags': 0, 'bitrate': 64000}, {'version': 0, 'user_limit': 0, 'type': 2, 'rtc_region': None, 'rate_limit_per_user': 0, 'position': 10, 'permission_overwrites': [], 'parent_id': '959453623274856533', 'name': 'Meeting Room', 'last_message_id': None, 'id': '959453623274856535', 'flags': 0, 'bitrate': 64000}, {'version': 0, 'type': 0, 'topic': None, 'rate_limit_per_user': 0, 'position': 8, 'permission_overwrites': [{'type': 'member', 'id': '928690468399755326', 'deny_new': '0', 'deny': 0, 'allow_new': '1024', 'allow': 1024}, {'type': 'member', 'id': '959437090070880286', 'deny_new': '0', 'deny': 0, 'allow_new': '1024', 'allow': 1024}, {'type': 'role', 'id': '959453622796714078', 'deny_new': '1024', 'deny': 1024, 'allow_new': '0', 'allow': 0}, {'type': 'member', 'id': '209833354751770634', 'deny_new': '0', 'deny': 0, 'allow_new': '1024', 'allow': 1024}], 'name': 'godness-mentors-xionams', 'last_message_id': '1018933480840757249', 'id': '1018933069740265564', 'flags': 0}, {'version': 0, 'type': 0, 'topic': None, 'rate_limit_per_user': 0, 'position': 9, 'permission_overwrites': [{'type': 'member', 'id': '959437090070880286', 'deny_new': '0', 'deny': 0, 'allow_new': '1024', 'allow': 1024}, {'type': 'role', 'id': '959453622796714078', 'deny_new': '1024', 'deny': 1024, 'allow_new': '0', 'allow': 0}, {'type': 'member', 'id': '209833354751770634', 'deny_new': '0', 'deny': 0, 'allow_new': '1024', 'allow': 1024}, {'type': 'member', 'id': '928690468399755326', 'deny_new': '0', 'deny': 0, 'allow_new': '1024', 'allow': 1024}], 'name': 'xionams-mentors-godness', 'last_message_id': '1018933362628505732', 'id': '1018933201172975657', 'flags': 0}], 'presences': [{'user': {'id': '209833354751770634'}, 'status': 'online', 'game': None, 'client_status': {'desktop': 'online'}, 'activities': []}, {'user': {'id': '456129972893908992'}, 'status': 'idle', 'game': None, 'client_status': {'web': 'idle'}, 'activities': []}, {'user': {'id': '606402391314530319'}, 'status': 'online', 'game': {'type': 3, 'session_id': None, 'name': 'Now with better uptime and slash commands!', 'id': 'ec0b28a579ecb4bd', 'created_at': 1672990757972}, 'client_status': {'web': 'online'}, 'activities': [{'type': 3, 'name': 'Now with better uptime and slash commands!', 'id': 'ec0b28a579ecb4bd', 'created_at': 1672990757972}]}, {'user': {'id': '928690468399755326'}, 'status': 'online', 'game': None, 'client_status': {'desktop': 'online'}, 'activities': []}, {'user': {'id': '959437090070880286'}, 'status': 'online', 'game': None, 'client_status': {'web': 'online'}, 'activities': []}], 'preferred_locale': 'en-US', 'voice_states': [], 'guild_hashes': {'version': 1, 'roles': {'omitted': False, 'hash': '5hiyBQ'}, 'metadata': {'omitted': False, 'hash': 'JD15Rw'}, 'channels': {'omitted': False, 'hash': 'us41Xg'}}, 'safety_alerts_channel_id': None, 'threads': [], 'default_message_notifications': 0, 'premium_progress_bar_enabled': False, 'features': ['APPLICATION_COMMAND_PERMISSIONS_V2'], 'application_id': None, 'hub_type': None, 'vanity_url_code': None, 'explicit_content_filter': 0, 'max_stage_video_channel_users': 0, 'verification_level': 0, 'joined_at': '2022-04-01T14:14:39.687000+00:00', 'large': False, 'system_channel_id': '959453623274856530', 'unavailable': False, 'mfa_level': 0, 'splash': None, 'guild_scheduled_events': [], 'emojis': [], 'roles': [{'version': 0, 'unicode_emoji': None, 'tags': {}, 'position': 0, 'permissions_new': '1071698660929', 'permissions': 104320577, 'name': '@everyone', 'mentionable': False, 'managed': False, 'id': '959453622796714078', 'icon': None, 'hoist': False, 'flags': 0, 'color': 0}, {'version': 0, 'unicode_emoji': None, 'tags': {'bot_id': '959437090070880286'}, 'position': 2, 'permissions_new': '8', 'permissions': 8, 'name': 'mentorbot', 'mentionable': False, 'managed': True, 'id': '959455762466345022', 'icon': None, 'hoist': False, 'flags': 0, 'color': 0}, {'version': 0, 'unicode_emoji': None, 'tags': {}, 'position': 1, 'permissions_new': '2199022731263', 'permissions': 2146959359, 'name': 'admin', 'mentionable': False, 'managed': False, 'id': '960139426737061910', 'icon': None, 'hoist': False, 'flags': 0, 'color': 0}], 'name': 'mentorbot_test', 'home_header': None, 'premium_subscription_count': 0, 'premium_tier': 0}}
2023-01-06 11:08:26,600 | Dispatching event socket_response
2023-01-06 11:08:26,601 | Dispatching event guild_available
2023-01-06 11:08:28,604 | Dispatching event ready
2023-01-06 11:08:28,604 | ReminderBot is wake's up!
2023-01-06 11:08:28,606 | Starting new HTTP connection (1): 46.101.46.130:80
2023-01-06 11:08:28,619 | http://46.101.46.130:80 "GET /api/profiles/ HTTP/1.1" 200 213
2023-01-06 11:08:28,773 | Dispatching event socket_raw_receive
2023-01-06 11:08:28,773 | For Shard ID None: WebSocket Event: {'t': 'CHANNEL_CREATE', 's': 3, 'op': 0, 'd': {'type': 1, 'recipients': [{'username': 'Godness', 'public_flags': 0, 'id': '209833354751770634', 'discriminator': '8742', 'avatar_decoration': None, 'avatar': None}], 'last_message_id': '1032358531648737342', 'is_spam': False, 'id': '962812063825133578', 'flags': 0}}
2023-01-06 11:08:28,773 | Dispatching event socket_response
2023-01-06 11:08:28,773 | Dispatching event private_channel_create
2023-01-06 11:08:28,774 | POST https://discord.com/api/v7/users/@me/channels with {"recipient_id":209833354751770634} has returned 200
2023-01-06 11:08:28,774 | POST https://discord.com/api/v7/users/@me/channels has received {'id': '962812063825133578', 'type': 1, 'last_message_id': '1032358531648737342', 'flags': 0, 'recipients': [{'id': '209833354751770634', 'username': 'Godness', 'avatar': None, 'avatar_decoration': None, 'discriminator': '8742', 'public_flags': 0}]}
2023-01-06 11:08:29,378 | Dispatching event socket_raw_receive
2023-01-06 11:08:29,378 | For Shard ID None: WebSocket Event: {'t': 'CHANNEL_CREATE', 's': 4, 'op': 0, 'd': {'type': 1, 'recipients': [{'username': 'Godness', 'public_flags': 0, 'id': '209833354751770634', 'discriminator': '8742', 'avatar_decoration': None, 'avatar': None}], 'last_message_id': '1060877512370032690', 'is_spam': False, 'id': '962812063825133578', 'flags': 0}}
2023-01-06 11:08:29,378 | Dispatching event socket_response
2023-01-06 11:08:29,386 | Dispatching event socket_raw_receive
2023-01-06 11:08:29,386 | For Shard ID None: WebSocket Event: {'t': 'MESSAGE_CREATE', 's': 5, 'op': 0, 'd': {'type': 0, 'tts': False, 'timestamp': '2023-01-06T11:08:29.100000+00:00', 'referenced_message': None, 'pinned': False, 'mentions': [], 'mention_roles': [], 'mention_everyone': False, 'id': '1060877512370032690', 'flags': 0, 'embeds': [], 'edited_timestamp': None, 'content': 'This is a reminder to please update your details in the Dojo DB, to do so use the command: !namephone followed by your first name and phone number (here or in your private mentoring room) Example: !namephone FirstName 0505555555, If you do not wish to see this message again you can reply with "!namephone unsubscribe" and you will not be contacted about this again', 'components': [], 'channel_id': '962812063825133578', 'author': {'username': 'mentorbot_test', 'public_flags': 0, 'id': '959437090070880286', 'discriminator': '5635', 'bot': True, 'avatar_decoration': None, 'avatar': None}, 'attachments': []}}
2023-01-06 11:08:29,386 | Dispatching event socket_response
2023-01-06 11:08:29,386 | Dispatching event message
2023-01-06 11:08:29,461 | POST https://discord.com/api/v7/channels/962812063825133578/messages with {"content":"This is a reminder to please update your details in the Dojo DB, to do so use the command: !namephone followed by your first name and phone number (here or in your private mentoring room) Example: !namephone FirstName 0505555555, If you do not wish to see this message again you can reply with \"!namephone unsubscribe\" and you will not be contacted about this again"} has returned 200
2023-01-06 11:08:29,461 | POST https://discord.com/api/v7/channels/962812063825133578/messages has received {'id': '1060877512370032690', 'type': 0, 'content': 'This is a reminder to please update your details in the Dojo DB, to do so use the command: !namephone followed by your first name and phone number (here or in your private mentoring room) Example: !namephone FirstName 0505555555, If you do not wish to see this message again you can reply with "!namephone unsubscribe" and you will not be contacted about this again', 'channel_id': '962812063825133578', 'author': {'id': '959437090070880286', 'username': 'mentorbot_test', 'avatar': None, 'avatar_decoration': None, 'discriminator': '5635', 'public_flags': 0, 'bot': True}, 'attachments': [], 'embeds': [], 'mentions': [], 'mention_roles': [], 'pinned': False, 'mention_everyone': False, 'tts': False, 'timestamp': '2023-01-06T11:08:29.100000+00:00', 'edited_timestamp': None, 'flags': 0, 'components': [], 'referenced_message': None}
2023-01-06 11:08:29,617 | POST https://discord.com/api/v7/users/@me/channels with {"recipient_id":928690468399755326} has returned 200
2023-01-06 11:08:29,617 | POST https://discord.com/api/v7/users/@me/channels has received {'id': '1003304934520913930', 'type': 1, 'last_message_id': '1032358533565517926', 'flags': 0, 'recipients': [{'id': '928690468399755326', 'username': 'xionams', 'avatar': 'e2975a18d1954827ebb07f8eebad519a', 'avatar_decoration': None, 'discriminator': '0517', 'public_flags': 0}]}
2023-01-06 11:08:29,638 | Dispatching event socket_raw_receive
2023-01-06 11:08:29,638 | For Shard ID None: WebSocket Event: {'t': 'CHANNEL_CREATE', 's': 6, 'op': 0, 'd': {'type': 1, 'recipients': [{'username': 'xionams', 'public_flags': 0, 'id': '928690468399755326', 'discriminator': '0517', 'avatar_decoration': None, 'avatar': 'e2975a18d1954827ebb07f8eebad519a'}], 'last_message_id': '1032358533565517926', 'is_spam': False, 'id': '1003304934520913930', 'flags': 0}}
2023-01-06 11:08:29,638 | Dispatching event socket_response
2023-01-06 11:08:29,897 | Dispatching event socket_raw_receive
2023-01-06 11:08:29,897 | For Shard ID None: WebSocket Event: {'t': 'CHANNEL_CREATE', 's': 7, 'op': 0, 'd': {'type': 1, 'recipients': [{'username': 'xionams', 'public_flags': 0, 'id': '928690468399755326', 'discriminator': '0517', 'avatar_decoration': None, 'avatar': 'e2975a18d1954827ebb07f8eebad519a'}], 'last_message_id': '1060877515335401532', 'is_spam': False, 'id': '1003304934520913930', 'flags': 0}}
2023-01-06 11:08:29,897 | Dispatching event socket_response
2023-01-06 11:08:29,897 | Dispatching event socket_raw_receive
2023-01-06 11:08:29,897 | For Shard ID None: WebSocket Event: {'t': 'MESSAGE_CREATE', 's': 8, 'op': 0, 'd': {'type': 0, 'tts': False, 'timestamp': '2023-01-06T11:08:29.807000+00:00', 'referenced_message': None, 'pinned': False, 'mentions': [], 'mention_roles': [], 'mention_everyone': False, 'id': '1060877515335401532', 'flags': 0, 'embeds': [], 'edited_timestamp': None, 'content': 'This is a reminder to please update your details in the Dojo DB, to do so use the command: !namephone followed by your first name and phone number (here or in your private mentoring room) Example: !namephone FirstName 0505555555, If you do not wish to see this message again you can reply with "!namephone unsubscribe" and you will not be contacted about this again', 'components': [], 'channel_id': '1003304934520913930', 'author': {'username': 'mentorbot_test', 'public_flags': 0, 'id': '959437090070880286', 'discriminator': '5635', 'bot': True, 'avatar_decoration': None, 'avatar': None}, 'attachments': []}}
2023-01-06 11:08:29,897 | Dispatching event socket_response
2023-01-06 11:08:29,897 | Dispatching event message
2023-01-06 11:08:30,022 | POST https://discord.com/api/v7/channels/1003304934520913930/messages with {"content":"This is a reminder to please update your details in the Dojo DB, to do so use the command: !namephone followed by your first name and phone number (here or in your private mentoring room) Example: !namephone FirstName 0505555555, If you do not wish to see this message again you can reply with \"!namephone unsubscribe\" and you will not be contacted about this again"} has returned 200
2023-01-06 11:08:30,022 | POST https://discord.com/api/v7/channels/1003304934520913930/messages has received {'id': '1060877515335401532', 'type': 0, 'content': 'This is a reminder to please update your details in the Dojo DB, to do so use the command: !namephone followed by your first name and phone number (here or in your private mentoring room) Example: !namephone FirstName 0505555555, If you do not wish to see this message again you can reply with "!namephone unsubscribe" and you will not be contacted about this again', 'channel_id': '1003304934520913930', 'author': {'id': '959437090070880286', 'username': 'mentorbot_test', 'avatar': None, 'avatar_decoration': None, 'discriminator': '5635', 'public_flags': 0, 'bot': True}, 'attachments': [], 'embeds': [], 'mentions': [], 'mention_roles': [], 'pinned': False, 'mention_everyone': False, 'tts': False, 'timestamp': '2023-01-06T11:08:29.807000+00:00', 'edited_timestamp': None, 'flags': 0, 'components': [], 'referenced_message': None}
2023-01-06 11:08:30,024 | Starting new HTTP connection (1): 46.101.46.130:80
2023-01-06 11:08:30,029 | http://46.101.46.130:80 "GET /api/events HTTP/1.1" 301 0
2023-01-06 11:08:30,040 | http://46.101.46.130:80 "GET /api/events/ HTTP/1.1" 200 229
2023-01-06 11:08:30,041 | Cleaning up tasks.
2023-01-06 11:08:30,041 | Cleaning up after 1 tasks.
2023-01-06 11:08:30,044 | All tasks finished cancelling.
2023-01-06 11:08:30,044 | Closing the event loop.
2023-01-06 11:08:30,100 | _ClientEventTask exception was never retrieved
future: <ClientEventTask state=finished event=on_ready coro=<bound method ReminderBot.on_ready of <reminder_bot.ReminderBot object at 0x7f5025beeda0>> exception=SystemExit(0)>
Traceback (most recent call last):
  File "/home/bot/.local/lib/python3.10/site-packages/discord/client.py", line 713, in run
    loop.run_forever()
  File "/usr/lib/python3.10/asyncio/base_events.py", line 600, in run_forever
    self._run_once()
  File "/usr/lib/python3.10/asyncio/base_events.py", line 1896, in _run_once
    handle._run()
  File "/usr/lib/python3.10/asyncio/events.py", line 80, in _run
    self._context.run(self._callback, *self._args)
  File "/home/bot/.local/lib/python3.10/site-packages/discord/client.py", line 343, in _run_event
    await coro(*args, **kwargs)
  File "/home/bot/dojobot/reminder_bot.py", line 89, in on_ready
    await self.search_events()
  File "/home/bot/dojobot/reminder_bot.py", line 59, in search_events
    return sys.exit(0)
SystemExit: 0
